<?xml version="1.0" encoding="UTF-8"?>
<coverage generated="1643788815367" clover="3.2.0">
  <project timestamp="1643788815367" name="All files">
    <metrics statements="25" coveredstatements="22" conditionals="2" coveredconditionals="1" methods="10" coveredmethods="7" elements="37" coveredelements="30" complexity="0" loc="25" ncloc="25" packages="1" files="2" classes="2"/>
    <file name="App.jsx" path="D:\_web\_school\_4semester\PG6301 - Webutvikling og API-design\lab_1-2-3-parcel_jest_ts_prettier_coverage\practice_1-2-3_parcel_jest_ts_prettier_coverage\App.jsx">
      <metrics statements="24" coveredstatements="22" conditionals="2" coveredconditionals="1" methods="10" coveredmethods="7"/>
      <line num="5" count="1" type="stmt"/>
      <line num="7" count="1" type="stmt"/>
      <line num="8" count="1" type="stmt"/>
      <line num="10" count="1" type="stmt"/>
      <line num="23" count="1" type="stmt"/>
      <line num="24" count="2" type="stmt"/>
      <line num="26" count="2" type="stmt"/>
      <line num="27" count="1" type="stmt"/>
      <line num="28" count="1" type="cond" truecount="1" falsecount="1"/>
      <line num="29" count="1" type="stmt"/>
      <line num="30" count="1" type="stmt"/>
      <line num="32" count="0" type="stmt"/>
      <line num="36" count="2" type="stmt"/>
      <line num="37" count="2" type="stmt"/>
      <line num="39" count="2" type="stmt"/>
      <line num="43" count="6" type="stmt"/>
      <line num="45" count="6" type="stmt"/>
      <line num="47" count="1" type="stmt"/>
      <line num="57" count="1" type="stmt"/>
      <line num="58" count="0" type="stmt"/>
      <line num="76" count="1" type="stmt"/>
      <line num="77" count="1" type="stmt"/>
      <line num="78" count="1" type="stmt"/>
      <line num="79" count="1" type="stmt"/>
    </file>
    <file name="index.jsx" path="D:\_web\_school\_4semester\PG6301 - Webutvikling og API-design\lab_1-2-3-parcel_jest_ts_prettier_coverage\practice_1-2-3_parcel_jest_ts_prettier_coverage\index.jsx">
      <metrics statements="1" coveredstatements="0" conditionals="0" coveredconditionals="0" methods="0" coveredmethods="0"/>
      <line num="5" count="0" type="stmt"/>
    </file>
  </project>
</coverage>
