<?xml version="1.0" encoding="UTF-8"?>
<coverage generated="1643787587535" clover="3.2.0">
  <project timestamp="1643787587535" name="All files">
    <metrics statements="27" coveredstatements="24" conditionals="2" coveredconditionals="1" methods="12" coveredmethods="8" elements="41" coveredelements="33" complexity="0" loc="27" ncloc="27" packages="1" files="2" classes="2"/>
    <file name="App.jsx" path="D:\_web\_school\_4semester\PG6301 - Webutvikling og API-design\lab_1-2-3-parcel_jest_ts_prettier_coverage\practice_1-2-3_parcel_jest_ts_prettier_coverage\App.jsx">
      <metrics statements="24" coveredstatements="22" conditionals="2" coveredconditionals="1" methods="10" coveredmethods="7"/>
      <line num="5" count="1" type="stmt"/>
      <line num="7" count="1" type="stmt"/>
      <line num="8" count="1" type="stmt"/>
      <line num="10" count="1" type="stmt"/>
      <line num="23" count="1" type="stmt"/>
      <line num="24" count="2" type="stmt"/>
      <line num="26" count="2" type="stmt"/>
      <line num="27" count="1" type="stmt"/>
      <line num="28" count="1" type="cond" truecount="1" falsecount="1"/>
      <line num="29" count="1" type="stmt"/>
      <line num="30" count="1" type="stmt"/>
      <line num="32" count="0" type="stmt"/>
      <line num="36" count="2" type="stmt"/>
      <line num="37" count="2" type="stmt"/>
      <line num="39" count="2" type="stmt"/>
      <line num="43" count="6" type="stmt"/>
      <line num="45" count="6" type="stmt"/>
      <line num="47" count="1" type="stmt"/>
      <line num="57" count="1" type="stmt"/>
      <line num="58" count="0" type="stmt"/>
      <line num="76" count="1" type="stmt"/>
      <line num="77" count="1" type="stmt"/>
      <line num="78" count="1" type="stmt"/>
      <line num="79" count="1" type="stmt"/>
    </file>
    <file name="questions.js" path="D:\_web\_school\_4semester\PG6301 - Webutvikling og API-design\lab_1-2-3-parcel_jest_ts_prettier_coverage\practice_1-2-3_parcel_jest_ts_prettier_coverage\questions.js">
      <metrics statements="3" coveredstatements="2" conditionals="0" coveredconditionals="0" methods="2" coveredmethods="1"/>
      <line num="3" count="0" type="stmt"/>
      <line num="7" count="1" type="stmt"/>
      <line num="13" count="1" type="stmt"/>
    </file>
  </project>
</coverage>
