{"D:\\_web\\_school\\_4semester\\PG6301 - Webutvikling og API-design\\lab_1-2-3-parcel_jest_ts_prettier_coverage\\practice_1-2-3_parcel_jest_ts_prettier_coverage\\App.jsx": {"path":"D:\\_web\\_school\\_4semester\\PG6301 - Webutvikling og API-design\\lab_1-2-3-parcel_jest_ts_prettier_coverage\\practice_1-2-3_parcel_jest_ts_prettier_coverage\\App.jsx","statementMap":{"0":{"start":{"line":5,"column":31},"end":{"line":5,"column":70}},"1":{"start":{"line":7,"column":20},"end":{"line":21,"column":1}},"2":{"start":{"line":8,"column":19},"end":{"line":8,"column":32}},"3":{"start":{"line":10,"column":2},"end":{"line":20,"column":4}},"4":{"start":{"line":23,"column":25},"end":{"line":55,"column":1}},"5":{"start":{"line":24,"column":19},"end":{"line":24,"column":32}},"6":{"start":{"line":26,"column":23},"end":{"line":34,"column":3}},"7":{"start":{"line":27,"column":4},"end":{"line":27,"column":46}},"8":{"start":{"line":27,"column":36},"end":{"line":27,"column":44}},"9":{"start":{"line":28,"column":4},"end":{"line":33,"column":5}},"10":{"start":{"line":29,"column":6},"end":{"line":29,"column":43}},"11":{"start":{"line":29,"column":33},"end":{"line":29,"column":41}},"12":{"start":{"line":30,"column":6},"end":{"line":30,"column":34}},"13":{"start":{"line":32,"column":6},"end":{"line":32,"column":32}},"14":{"start":{"line":36,"column":29},"end":{"line":36,"column":56}},"15":{"start":{"line":37,"column":21},"end":{"line":37,"column":47}},"16":{"start":{"line":39,"column":2},"end":{"line":54,"column":4}},"17":{"start":{"line":43,"column":27},"end":{"line":43,"column":50}},"18":{"start":{"line":45,"column":10},"end":{"line":51,"column":12}},"19":{"start":{"line":47,"column":37},"end":{"line":47,"column":57}},"20":{"start":{"line":57,"column":23},"end":{"line":74,"column":1}},"21":{"start":{"line":58,"column":2},"end":{"line":73,"column":4}},"22":{"start":{"line":76,"column":12},"end":{"line":105,"column":1}},"23":{"start":{"line":77,"column":44},"end":{"line":77,"column":55}},"24":{"start":{"line":78,"column":54},"end":{"line":78,"column":65}},"25":{"start":{"line":79,"column":2},"end":{"line":104,"column":4}}},"fnMap":{"0":{"name":"(anonymous_0)","decl":{"start":{"line":7,"column":20},"end":{"line":7,"column":21}},"loc":{"start":{"line":7,"column":63},"end":{"line":21,"column":1}},"line":7},"1":{"name":"(anonymous_1)","decl":{"start":{"line":23,"column":25},"end":{"line":23,"column":26}},"loc":{"start":{"line":23,"column":74},"end":{"line":55,"column":1}},"line":23},"2":{"name":"(anonymous_2)","decl":{"start":{"line":26,"column":23},"end":{"line":26,"column":24}},"loc":{"start":{"line":26,"column":35},"end":{"line":34,"column":3}},"line":26},"3":{"name":"(anonymous_3)","decl":{"start":{"line":27,"column":26},"end":{"line":27,"column":27}},"loc":{"start":{"line":27,"column":36},"end":{"line":27,"column":44}},"line":27},"4":{"name":"(anonymous_4)","decl":{"start":{"line":29,"column":23},"end":{"line":29,"column":24}},"loc":{"start":{"line":29,"column":33},"end":{"line":29,"column":41}},"line":29},"5":{"name":"(anonymous_5)","decl":{"start":{"line":43,"column":16},"end":{"line":43,"column":17}},"loc":{"start":{"line":43,"column":27},"end":{"line":43,"column":50}},"line":43},"6":{"name":"(anonymous_6)","decl":{"start":{"line":44,"column":13},"end":{"line":44,"column":14}},"loc":{"start":{"line":44,"column":30},"end":{"line":52,"column":9}},"line":44},"7":{"name":"(anonymous_7)","decl":{"start":{"line":47,"column":31},"end":{"line":47,"column":32}},"loc":{"start":{"line":47,"column":37},"end":{"line":47,"column":57}},"line":47},"8":{"name":"(anonymous_8)","decl":{"start":{"line":57,"column":23},"end":{"line":57,"column":24}},"loc":{"start":{"line":57,"column":29},"end":{"line":74,"column":1}},"line":57},"9":{"name":"(anonymous_9)","decl":{"start":{"line":76,"column":12},"end":{"line":76,"column":13}},"loc":{"start":{"line":76,"column":18},"end":{"line":105,"column":1}},"line":76}},"branchMap":{"0":{"loc":{"start":{"line":28,"column":4},"end":{"line":33,"column":5}},"type":"if","locations":[{"start":{"line":28,"column":4},"end":{"line":33,"column":5}},{"start":{"line":31,"column":11},"end":{"line":33,"column":5}}],"line":28}},"s":{"0":1,"1":1,"2":1,"3":1,"4":1,"5":2,"6":2,"7":1,"8":0,"9":1,"10":1,"11":0,"12":1,"13":0,"14":2,"15":2,"16":2,"17":6,"18":6,"19":1,"20":1,"21":0,"22":1,"23":1,"24":1,"25":1},"f":{"0":1,"1":2,"2":1,"3":0,"4":0,"5":6,"6":6,"7":1,"8":0,"9":1},"b":{"0":[1,0]},"_coverageSchema":"1a1c01bbd47fc00a2c39e90264f33305004495a9","hash":"9d4ff544d43abbd3f34ee72ccd3f17f44f7ac760"}
,"D:\\_web\\_school\\_4semester\\PG6301 - Webutvikling og API-design\\lab_1-2-3-parcel_jest_ts_prettier_coverage\\practice_1-2-3_parcel_jest_ts_prettier_coverage\\questions.js": {"path":"D:\\_web\\_school\\_4semester\\PG6301 - Webutvikling og API-design\\lab_1-2-3-parcel_jest_ts_prettier_coverage\\practice_1-2-3_parcel_jest_ts_prettier_coverage\\questions.js","statementMap":{"0":{"start":{"line":3,"column":4},"end":{"line":3,"column":65}},"1":{"start":{"line":7,"column":4},"end":{"line":7,"column":68}},"2":{"start":{"line":13,"column":4},"end":{"line":273,"column":6}}},"fnMap":{"0":{"name":"randomQuestion","decl":{"start":{"line":2,"column":16},"end":{"line":2,"column":30}},"loc":{"start":{"line":2,"column":33},"end":{"line":4,"column":1}},"line":2},"1":{"name":"isCorrectAnswer","decl":{"start":{"line":6,"column":16},"end":{"line":6,"column":31}},"loc":{"start":{"line":6,"column":50},"end":{"line":8,"column":1}},"line":6}},"branchMap":{},"s":{"0":0,"1":1,"2":1},"f":{"0":0,"1":1},"b":{},"_coverageSchema":"1a1c01bbd47fc00a2c39e90264f33305004495a9","hash":"bc80c9c62df7d0b5101443ba294de051fd98dc6b"}
}
