TN:
SF:App.jsx
FN:7,(anonymous_0)
FN:23,(anonymous_1)
FN:26,(anonymous_2)
FN:27,(anonymous_3)
FN:29,(anonymous_4)
FN:43,(anonymous_5)
FN:44,(anonymous_6)
FN:47,(anonymous_7)
FN:57,(anonymous_8)
FN:76,(anonymous_9)
FNF:10
FNH:7
FNDA:1,(anonymous_0)
FNDA:2,(anonymous_1)
FNDA:1,(anonymous_2)
FNDA:0,(anonymous_3)
FNDA:0,(anonymous_4)
FNDA:6,(anonymous_5)
FNDA:6,(anonymous_6)
FNDA:1,(anonymous_7)
FNDA:0,(anonymous_8)
FNDA:1,(anonymous_9)
DA:5,1
DA:7,1
DA:8,1
DA:10,1
DA:23,1
DA:24,2
DA:26,2
DA:27,1
DA:28,1
DA:29,1
DA:30,1
DA:32,0
DA:36,2
DA:37,2
DA:39,2
DA:43,6
DA:45,6
DA:47,1
DA:57,1
DA:58,0
DA:76,1
DA:77,1
DA:78,1
DA:79,1
LF:24
LH:22
BRDA:28,0,0,1
BRDA:28,0,1,0
BRF:2
BRH:1
end_of_record
TN:
SF:index.jsx
FNF:0
FNH:0
DA:5,0
LF:1
LH:0
BRF:0
BRH:0
end_of_record
